<?xml version="1.0" encoding="UTF-8"?>
<testsuite xmlns:xsi="http://www.w3.org/2001/XMLSchema-instance" xsi:noNamespaceSchemaLocation="https://maven.apache.org/surefire/maven-surefire-plugin/xsd/surefire-test-report-3.0.xsd" version="3.0" name="com.estore.shopping.CartServiceTest" time="0.179" tests="2" errors="0" skipped="0" failures="0">
  <properties>
[...]
</properties>
  <testcase name="addItem_avecStockInsuffisant_lanceException" classname="com.estore.shopping.CartServiceTest" time="0.14"/>
  <testcase name="addItem_avecStockSuffisant_ajouteAuPanier" classname="com.estore.shopping.CartServiceTest" time="0.033"/>
</testsuite>